===== 2026-03-23 15:38:59 =====
文件: images/generated_20260323_153830.jpg
模型: doubao-seedream-5-0-260128
尺寸: 2848x1600
文件大小: 325K
提示词: 星际穿越，黑洞，黑洞里冲出一辆快支离破碎的复古列车，抢视觉冲击力，电影大片，末日既视感，动感，对比色，oc渲染，光线追踪，动态模糊，景深，超现实主义，深蓝，画面通过细腻的丰富的色彩层次塑造主体与场景，质感真实，暗黑风背景的光影效果营造出氛围，整体兼具艺术幻想感，夸张的广角透视效果，耀光，反射，极致的光影，强引力，吞噬

===== 2026-03-23 15:43:50 =====
文件: images/generated_20260323_154307.jpg
模型: doubao-seedream-5-0-260128
尺寸: 2848x1600
文件大小: 487K
提示词: 末日废土，巨型机械机甲从爆炸的城市废墟中站起，破碎钢铁，漫天烟尘，红光漫天，核爆过后，强烈透视，压迫感，视觉张力，史诗级电影场景，好莱坞大片，极端细节，超高清，8K，HDR，复杂细节，工业风，明暗对比，散射光线，体积雾，尘土飞扬，残破混凝土建筑，扭曲金属，战火余烬，超广角，低角度拍摄

===== 2026-03-23 15:47:39 =====
文件: images/generated_20260323_154711.jpg
模型: doubao-seedream-5-0-260128
尺寸: 2848x1600
文件大小: 241K
提示词: 一张黑板报形式的手绘科普信息图，以粉笔质感呈现火山喷发过程。上方用简短文字解释岩浆积聚压力并喷发的原理，并用气球作比喻辅助理解。中央为火山剖面插画，箭头标示岩浆上升与熔岩流动，下方分模块说明各阶段，整体轻松、教学感强，粉笔手绘风格，黑板背景，白色彩色粉笔

===== 2026-03-23 15:51:09 =====
文件: images/generated_20260323_155109.jpg
模型: doubao-seedream-5-0-260128
尺寸: 2048x2048
文件大小: 296K
提示词: 搜索下近期热门的萝卜纸巾三花猫，并设计成巨型艺术充气气球装置，置于现代美术馆场景中（纯白墙面、顶部长条线性灯光、高反光光滑地面），保留超现实艺术风格，前后景有黑色人影和景深，营造热门现代艺术展览氛围

===== 2026-03-23 15:55:38 =====
文件: images/generated_20260323_155538.jpg
模型: doubao-seedream-5-0-260128
尺寸: 2048x2048
文件大小: 428K
提示词: 2026 马年极简国风海报，纯白背景，抽象红马轮廓，深红渐变浅粉，水彩肌理叠加宣纸颗粒感，极简几何线条勾勒结构，居中构图，留白充足，无多余元素，高级简约。画面仅两行文字：居中黑色加粗衬线大标题“RUSH”，下方纤细同字体副标题 2026・Year of the Horse

===== 2026-03-23 16:17:10 =====
模型: doubao-seedream-5-0-260128
尺寸: 2048x2048
文件大小: 284K
原图: pic-to-pic.png
编辑提示词: 将图中蓝色框内的发带变成粉红色，去掉绿色框内的胡子，在红色框内增加一只站在肩膀上的鹦鹉
类型: 图生图编辑


===== 2026-03-23 16:29:53 =====
文件: images/generated_20260323_162953.jpg
模型: doubao-seedream-5-0-260128
尺寸: 1664x2496
文件大小: 
提示词: 商业级时尚摄影，韩系极简风格，一位模特走在干净的街道，身穿宽松的米白色大衣，柔和的自然光，明亮通透，奶油白滤镜，浅景深模糊背景，高级感。文字叠加设计，居中放置，巨大的白色衬线粗体字 "Natural"，中间是缠绕优雅的白色手写体 "Beauty"，下方是一个白色椭圆边框，内部用无衬线粗体写 "60% OFF"，最底部是纤细的白色手写体 "Winter Sale"，构图极简，留白合理


===== 2026-03-23 16:30:18 =====
文件: images/generated_20260323_162931.jpg
模型: doubao-seedream-5-0-260128
尺寸: 1664x2496
文件大小: 276K
提示词: 商业级时尚摄影，韩系极简风格，一位模特走在干净的街道，身穿宽松的米白色大衣，柔和的自然光，明亮通透，奶油白滤镜，浅景深模糊背景，高级感。文字叠加设计，居中放置，巨大的白色衬线粗体字 "Natural"，中间是缠绕优雅的白色手写体 "Beauty"，下方是一个白色椭圆边框，内部用无衬线粗体写 "60% OFF"，最底部是纤细的白色手写体 "Winter Sale"，构图极简，留白合理


===== 2026-03-23 16:42:57 =====
文件: images\generated_20260323_164257.jpg
模型: doubao-seedream-5-0-260128
尺寸: 2048x2048
文件大小: 353KK
耗时: 35.7秒
提示词: 科学原理图风格，广义相对论时空弯曲示意图。大质量天体位于中心，导致周围的三维时空网格发生明显的几何凹陷与扭曲。展示光线经过重力阱时的路径偏折。深黑色背景与发光的坐标网格，严谨的物理透视建模，深空蓝与明亮白线的对比，当代科学插画风格。


===== 2026-03-23 16:45:02 =====
文件: images\edited_20260323_164502.jpg
模型: doubao-seedream-5-0-260128
尺寸: 2048x2048
文件大小: 406KK
耗时: 27.5秒
原图: generated_20260323_164257.jpg
编辑提示词: 把黑球改成白球
类型: 图生图编辑

